<?xml version="1.0" encoding="UTF-8"?>
<!-- Generated by org.testng.reporters.JUnitReportReporter -->
<testsuite skipped="0" hostname="ASDP1760PO02529" name="com.qait.hrisautomation.Hris.HrisAutomationTest" tests="2" failures="0" timestamp="26 Jun 2018 11:12:49 GMT" time="10.786" errors="0">
  <testcase name="test1_attempt_login_with_incorrect_credentials" time="0.766" classname="com.qait.hrisautomation.Hris.HrisAutomationTest"/>
  <testcase name="test2_attempt_login_with_correct_credentials" time="10.020" classname="com.qait.hrisautomation.Hris.HrisAutomationTest"/>
</testsuite> <!-- com.qait.hrisautomation.Hris.HrisAutomationTest -->
